# JRE version: OpenJDK Runtime Environment (18.0.1.1+2) (build 18.0.1.1+2-6)
# Java VM: OpenJDK 64-Bit Server VM (18.0.1.1+2-6, mixed mode, sharing, tiered, compressed oops, compressed class ptrs, g1 gc, windows-amd64)
GC Precious Log:
 CardTable entry size: 512
 Card Set container configuration: InlinePtr #cards 5 size 8 Array Of Cards #cards 12 size 40 Howl #buckets 4 coarsen threshold 1843 Howl Bitmap #cards 512 size 80 coarsen threshold 460 Card regions per heap region 1 cards per card region 2048
 CPUs: 8 total, 8 available
 Memory: 16145M
 Large Page Support: Disabled
 NUMA Support: Disabled
 Compressed Oops: Enabled (32-bit)
 Heap Region Size: 1M
 Heap Min Capacity: 256M
 Heap Initial Capacity: 256M
 Heap Max Capacity: 512M
 Pre-touch: Disabled
 Parallel Workers: 8
 Concurrent Workers: 2
 Concurrent Refinement Workers: 8
 Periodic GC: Disabled
Heap:
 garbage-first heap   total 262144K, used 172152K [0x00000000e0000000, 0x0000000100000000)
  region size 1024K, 30 young (30720K), 1 survivors (1024K)
 Metaspace       used 55820K, committed 57472K, reserved 278528K
  class space    used 7851K, committed 8704K, reserved 212992K
GC Heap History (20 events):
Event: 1.214 GC heap before
{Heap before GC invocations=0 (full 0):
 garbage-first heap   total 262144K, used 28672K [0x00000000e0000000, 0x0000000100000000)
  region size 1024K, 23 young (23552K), 0 survivors (0K)
 Metaspace       used 3004K, committed 3200K, reserved 278528K
  class space    used 378K, committed 448K, reserved 212992K
}
Event: 1.217 GC heap after
{Heap after GC invocations=1 (full 0):
 garbage-first heap   total 262144K, used 9323K [0x00000000e0000000, 0x0000000100000000)
  region size 1024K, 3 young (3072K), 3 survivors (3072K)
 Metaspace       used 3004K, committed 3200K, reserved 278528K
  class space    used 378K, committed 448K, reserved 212992K
}
Event: 2.367 GC heap before
{Heap before GC invocations=1 (full 0):
 garbage-first heap   total 262144K, used 37995K [0x00000000e0000000, 0x0000000100000000)
  region size 1024K, 31 young (31744K), 3 survivors (3072K)
 Metaspace       used 3963K, committed 4160K, reserved 278528K
  class space    used 478K, committed 576K, reserved 212992K
}
Event: 2.370 GC heap after
{Heap after GC invocations=2 (full 0):
 garbage-first heap   total 262144K, used 13770K [0x00000000e0000000, 0x0000000100000000)
  region size 1024K, 4 young (4096K), 4 survivors (4096K)
 Metaspace       used 3963K, committed 4160K, reserved 278528K
  class space    used 478K, committed 576K, reserved 212992K
}
Event: 14.574 GC heap before
{Heap before GC invocations=2 (full 0):
 garbage-first heap   total 262144K, used 142794K [0x00000000e0000000, 0x0000000100000000)
  region size 1024K, 100 young (102400K), 4 survivors (4096K)
 Metaspace       used 20855K, committed 21504K, reserved 278528K
  class space    used 3048K, committed 3392K, reserved 212992K
}
Event: 14.629 GC heap after
{Heap after GC invocations=3 (full 0):
 garbage-first heap   total 262144K, used 55549K [0x00000000e0000000, 0x0000000100000000)
  region size 1024K, 14 young (14336K), 14 survivors (14336K)
 Metaspace       used 20855K, committed 21504K, reserved 278528K
  class space    used 3048K, committed 3392K, reserved 212992K
}
Event: 20.532 GC heap before
{Heap before GC invocations=4 (full 0):
 garbage-first heap   total 262144K, used 158973K [0x00000000e0000000, 0x0000000100000000)
  region size 1024K, 113 young (115712K), 14 survivors (14336K)
 Metaspace       used 34829K, committed 35968K, reserved 278528K
  class space    used 4855K, committed 5440K, reserved 212992K
}
Event: 20.544 GC heap after
{Heap after GC invocations=5 (full 0):
 garbage-first heap   total 262144K, used 64368K [0x00000000e0000000, 0x0000000100000000)
  region size 1024K, 9 young (9216K), 9 survivors (9216K)
 Metaspace       used 34829K, committed 35968K, reserved 278528K
  class space    used 4855K, committed 5440K, reserved 212992K
}
Event: 37.056 GC heap before
{Heap before GC invocations=6 (full 0):
 garbage-first heap   total 262144K, used 223088K [0x00000000e0000000, 0x0000000100000000)
  region size 1024K, 135 young (138240K), 9 survivors (9216K)
 Metaspace       used 48667K, committed 50176K, reserved 278528K
  class space    used 6803K, committed 7552K, reserved 212992K
}
Event: 37.072 GC heap after
{Heap after GC invocations=7 (full 0):
 garbage-first heap   total 262144K, used 105396K [0x00000000e0000000, 0x0000000100000000)
  region size 1024K, 17 young (17408K), 17 survivors (17408K)
 Metaspace       used 48667K, committed 50176K, reserved 278528K
  class space    used 6803K, committed 7552K, reserved 212992K
}
Event: 37.204 GC heap before
{Heap before GC invocations=7 (full 0):
 garbage-first heap   total 262144K, used 106420K [0x00000000e0000000, 0x0000000100000000)
  region size 1024K, 18 young (18432K), 17 survivors (17408K)
 Metaspace       used 48802K, committed 50304K, reserved 278528K
  class space    used 6826K, committed 7616K, reserved 212992K
}
Event: 37.217 GC heap after
{Heap after GC invocations=8 (full 0):
 garbage-first heap   total 262144K, used 107821K [0x00000000e0000000, 0x0000000100000000)
  region size 1024K, 2 young (2048K), 2 survivors (2048K)
 Metaspace       used 48802K, committed 50304K, reserved 278528K
  class space    used 6826K, committed 7616K, reserved 212992K
}
Event: 44.877 GC heap before
{Heap before GC invocations=8 (full 0):
 garbage-first heap   total 262144K, used 156973K [0x00000000e0000000, 0x0000000100000000)
  region size 1024K, 42 young (43008K), 2 survivors (2048K)
 Metaspace       used 53206K, committed 54848K, reserved 278528K
  class space    used 7461K, committed 8320K, reserved 212992K
}
Event: 44.887 GC heap after
{Heap after GC invocations=9 (full 0):
 garbage-first heap   total 262144K, used 122093K [0x00000000e0000000, 0x0000000100000000)
  region size 1024K, 6 young (6144K), 6 survivors (6144K)
 Metaspace       used 53206K, committed 54848K, reserved 278528K
  class space    used 7461K, committed 8320K, reserved 212992K
}
Event: 44.968 GC heap before
{Heap before GC invocations=9 (full 0):
 garbage-first heap   total 262144K, used 132333K [0x00000000e0000000, 0x0000000100000000)
  region size 1024K, 7 young (7168K), 6 survivors (6144K)
 Metaspace       used 53206K, committed 54848K, reserved 278528K
  class space    used 7461K, committed 8320K, reserved 212992K
}
Event: 44.973 GC heap after
{Heap after GC invocations=10 (full 0):
 garbage-first heap   total 262144K, used 131909K [0x00000000e0000000, 0x0000000100000000)
  region size 1024K, 6 young (6144K), 6 survivors (6144K)
 Metaspace       used 53206K, committed 54848K, reserved 278528K
  class space    used 7461K, committed 8320K, reserved 212992K
}
Event: 46.552 GC heap before
{Heap before GC invocations=11 (full 0):
 garbage-first heap   total 262144K, used 133957K [0x00000000e0000000, 0x0000000100000000)
  region size 1024K, 7 young (7168K), 6 survivors (6144K)
 Metaspace       used 53199K, committed 54848K, reserved 278528K
  class space    used 7458K, committed 8320K, reserved 212992K
}
Event: 46.556 GC heap after
{Heap after GC invocations=12 (full 0):
 garbage-first heap   total 262144K, used 134623K [0x00000000e0000000, 0x0000000100000000)
  region size 1024K, 7 young (7168K), 7 survivors (7168K)
 Metaspace       used 53199K, committed 54848K, reserved 278528K
  class space    used 7458K, committed 8320K, reserved 212992K
}
Event: 48.154 GC heap before
{Heap before GC invocations=13 (full 0):
 garbage-first heap   total 262144K, used 142815K [0x00000000e0000000, 0x0000000100000000)
  region size 1024K, 8 young (8192K), 7 survivors (7168K)
 Metaspace       used 53199K, committed 54848K, reserved 278528K
  class space    used 7458K, committed 8320K, reserved 212992K
}
Event: 48.157 GC heap after
{Heap after GC invocations=14 (full 0):
 garbage-first heap   total 262144K, used 142456K [0x00000000e0000000, 0x0000000100000000)
  region size 1024K, 1 young (1024K), 1 survivors (1024K)
 Metaspace       used 53199K, committed 54848K, reserved 278528K
  class space    used 7458K, committed 8320K, reserved 212992K
}

